<?xml version="1.0" encoding="UTF-8"?>
<testng-results ignored="0" total="5" passed="4" failed="0" skipped="1">
  <reporter-output>
    <line>
      <![CDATA[onTestStart:----DepartingFromDropDown]]>
    </line>
    <line>
      <![CDATA[onTestSuccess:--DepartingFromDropDown]]>
    </line>
    <line>
      <![CDATA[onTestStart:----getRoundtripTest]]>
    </line>
    <line>
      <![CDATA[onTestSuccess:--getRoundtripTest]]>
    </line>
    <line>
      <![CDATA[onTestStart:----oneWayTest]]>
    </line>
    <line>
      <![CDATA[onTestSuccess:--oneWayTest]]>
    </line>
    <line>
      <![CDATA[onTestStart:----passengerDropDown]]>
    </line>
    <line>
      <![CDATA[onTestSuccess:--passengerDropDown]]>
    </line>
  </reporter-output>
  <suite started-at="2022-11-08T11:09:13 IST" name="Suite" finished-at="2022-11-08T11:15:39 IST" duration-ms="386013">
    <groups>
    </groups>
    <test started-at="2022-11-08T11:09:13 IST" name="Test" finished-at="2022-11-08T11:15:39 IST" duration-ms="386013">
      <class name="com.TestCases.FlightDropDownTest">
        <test-method is-config="true" signature="launchBrowser()[pri:0, instance:com.TestCases.FlightDropDownTest@2b91004a]" started-at="2022-11-08T11:09:13 IST" name="launchBrowser" finished-at="2022-11-08T11:12:05 IST" duration-ms="171909" status="PASS">
          <reporter-output>
          </reporter-output>
        </test-method> <!-- launchBrowser -->
        <test-method signature="DepartingFromDropDown()[pri:0, instance:com.TestCases.FlightDropDownTest@2b91004a]" started-at="2022-11-08T11:12:05 IST" name="DepartingFromDropDown" finished-at="2022-11-08T11:12:08 IST" duration-ms="2475" status="PASS">
          <reporter-output>
            <line>
              <![CDATA[onTestStart:----DepartingFromDropDown]]>
            </line>
            <line>
              <![CDATA[onTestSuccess:--DepartingFromDropDown]]>
            </line>
          </reporter-output>
        </test-method> <!-- DepartingFromDropDown -->
        <test-method is-config="true" signature="tearMethod(org.testng.ITestResult)[pri:0, instance:com.TestCases.FlightDropDownTest@2b91004a]" started-at="2022-11-08T11:12:08 IST" name="tearMethod" finished-at="2022-11-08T11:12:23 IST" duration-ms="15952" status="PASS">
          <params>
            <param index="0">
              <value>
                <![CDATA[[TestResult name=DepartingFromDropDown status=SUCCESS method=FlightDropDownTest.DepartingFromDropDown()[pri:0, instance:com.TestCases.FlightDropDownTest@2b91004a] output=onTestStart:----DepartingFromDropDown]]]>
              </value>
            </param>
          </params>
          <reporter-output>
          </reporter-output>
        </test-method> <!-- tearMethod -->
        <test-method is-config="true" signature="launchBrowser()[pri:0, instance:com.TestCases.FlightDropDownTest@2b91004a]" started-at="2022-11-08T11:12:23 IST" name="launchBrowser" finished-at="2022-11-08T11:15:12 IST" duration-ms="168510" status="PASS">
          <reporter-output>
          </reporter-output>
        </test-method> <!-- launchBrowser -->
        <test-method signature="getRoundtripTest()[pri:0, instance:com.TestCases.FlightDropDownTest@2b91004a]" started-at="2022-11-08T11:15:12 IST" name="getRoundtripTest" finished-at="2022-11-08T11:15:13 IST" duration-ms="1428" status="PASS">
          <reporter-output>
            <line>
              <![CDATA[onTestStart:----getRoundtripTest]]>
            </line>
            <line>
              <![CDATA[onTestSuccess:--getRoundtripTest]]>
            </line>
          </reporter-output>
        </test-method> <!-- getRoundtripTest -->
        <test-method is-config="true" signature="tearMethod(org.testng.ITestResult)[pri:0, instance:com.TestCases.FlightDropDownTest@2b91004a]" started-at="2022-11-08T11:15:13 IST" name="tearMethod" finished-at="2022-11-08T11:15:15 IST" duration-ms="1269" status="PASS">
          <params>
            <param index="0">
              <value>
                <![CDATA[[TestResult name=getRoundtripTest status=SUCCESS method=FlightDropDownTest.getRoundtripTest()[pri:0, instance:com.TestCases.FlightDropDownTest@2b91004a] output=onTestStart:----getRoundtripTest]]]>
              </value>
            </param>
          </params>
          <reporter-output>
          </reporter-output>
        </test-method> <!-- tearMethod -->
        <test-method is-config="true" signature="launchBrowser()[pri:0, instance:com.TestCases.FlightDropDownTest@2b91004a]" started-at="2022-11-08T11:15:15 IST" name="launchBrowser" finished-at="2022-11-08T11:15:27 IST" duration-ms="11796" status="PASS">
          <reporter-output>
          </reporter-output>
        </test-method> <!-- launchBrowser -->
        <test-method signature="oneWayTest()[pri:0, instance:com.TestCases.FlightDropDownTest@2b91004a]" started-at="2022-11-08T11:15:27 IST" name="oneWayTest" finished-at="2022-11-08T11:15:27 IST" duration-ms="156" status="PASS">
          <reporter-output>
            <line>
              <![CDATA[onTestStart:----oneWayTest]]>
            </line>
            <line>
              <![CDATA[onTestSuccess:--oneWayTest]]>
            </line>
          </reporter-output>
        </test-method> <!-- oneWayTest -->
        <test-method is-config="true" signature="tearMethod(org.testng.ITestResult)[pri:0, instance:com.TestCases.FlightDropDownTest@2b91004a]" started-at="2022-11-08T11:15:27 IST" name="tearMethod" finished-at="2022-11-08T11:15:27 IST" duration-ms="273" status="PASS">
          <params>
            <param index="0">
              <value>
                <![CDATA[[TestResult name=oneWayTest status=SUCCESS method=FlightDropDownTest.oneWayTest()[pri:0, instance:com.TestCases.FlightDropDownTest@2b91004a] output=onTestStart:----oneWayTest]]]>
              </value>
            </param>
          </params>
          <reporter-output>
          </reporter-output>
        </test-method> <!-- tearMethod -->
        <test-method is-config="true" signature="launchBrowser()[pri:0, instance:com.TestCases.FlightDropDownTest@2b91004a]" started-at="2022-11-08T11:15:27 IST" name="launchBrowser" finished-at="2022-11-08T11:15:38 IST" duration-ms="10922" status="PASS">
          <reporter-output>
          </reporter-output>
        </test-method> <!-- launchBrowser -->
        <test-method signature="passengerDropDown()[pri:0, instance:com.TestCases.FlightDropDownTest@2b91004a]" started-at="2022-11-08T11:15:38 IST" name="passengerDropDown" finished-at="2022-11-08T11:15:39 IST" duration-ms="649" status="PASS">
          <reporter-output>
            <line>
              <![CDATA[onTestStart:----passengerDropDown]]>
            </line>
            <line>
              <![CDATA[onTestSuccess:--passengerDropDown]]>
            </line>
          </reporter-output>
        </test-method> <!-- passengerDropDown -->
        <test-method is-config="true" signature="tearMethod(org.testng.ITestResult)[pri:0, instance:com.TestCases.FlightDropDownTest@2b91004a]" started-at="2022-11-08T11:15:39 IST" name="tearMethod" finished-at="2022-11-08T11:15:39 IST" duration-ms="562" status="PASS">
          <params>
            <param index="0">
              <value>
                <![CDATA[[TestResult name=passengerDropDown status=SUCCESS method=FlightDropDownTest.passengerDropDown()[pri:0, instance:com.TestCases.FlightDropDownTest@2b91004a] output=onTestStart:----passengerDropDown]]]>
              </value>
            </param>
          </params>
          <reporter-output>
          </reporter-output>
        </test-method> <!-- tearMethod -->
      </class> <!-- com.TestCases.FlightDropDownTest -->
      <class name="com.TestCases.LoginTest">
        <test-method signature="login(java.lang.String,java.lang.String)[pri:0, instance:com.TestCases.LoginTest@1de5f259]" started-at="2022-11-08T11:15:39 IST" name="login" data-provider="excelData" finished-at="2022-11-08T11:15:39 IST" duration-ms="0" status="SKIP">
          <exception class="java.lang.RuntimeException">
            <message>
              <![CDATA[java.io.FileNotFoundException: C:\Users\Somnath\eclipse-workspace\com.guru99\src\test\resources\ExcelTestData.xls (The system cannot find the path specified)]]>
            </message>
            <full-stacktrace>
              <![CDATA[java.lang.RuntimeException: java.io.FileNotFoundException: C:\Users\Somnath\eclipse-workspace\com.guru99\src\test\resources\ExcelTestData.xls (The system cannot find the path specified)
at org.testng.internal.MethodInvocationHelper.invokeMethodNoCheckedException(MethodInvocationHelper.java:50)
at org.testng.internal.MethodInvocationHelper.invokeDataProvider(MethodInvocationHelper.java:146)
at org.testng.internal.Parameters.handleParameters(Parameters.java:798)
at org.testng.internal.Parameters.handleParameters(Parameters.java:740)
at org.testng.internal.ParameterHandler.handleParameters(ParameterHandler.java:59)
at org.testng.internal.ParameterHandler.createParameters(ParameterHandler.java:38)
at org.testng.internal.TestInvoker$MethodInvocationAgent.invoke(TestInvoker.java:791)
at org.testng.internal.TestInvoker.invokeTestMethods(TestInvoker.java:146)
at org.testng.internal.TestMethodWorker.invokeTestMethods(TestMethodWorker.java:146)
at org.testng.internal.TestMethodWorker.run(TestMethodWorker.java:128)
at java.base/java.util.ArrayList.forEach(ArrayList.java:1511)
at org.testng.TestRunner.privateRun(TestRunner.java:794)
at org.testng.TestRunner.run(TestRunner.java:596)
at org.testng.SuiteRunner.runTest(SuiteRunner.java:377)
at org.testng.SuiteRunner.runSequentially(SuiteRunner.java:371)
at org.testng.SuiteRunner.privateRun(SuiteRunner.java:332)
at org.testng.SuiteRunner.run(SuiteRunner.java:276)
at org.testng.SuiteRunnerWorker.runSuite(SuiteRunnerWorker.java:53)
at org.testng.SuiteRunnerWorker.run(SuiteRunnerWorker.java:96)
at org.testng.TestNG.runSuitesSequentially(TestNG.java:1212)
at org.testng.TestNG.runSuitesLocally(TestNG.java:1134)
at org.testng.TestNG.runSuites(TestNG.java:1063)
at org.testng.TestNG.run(TestNG.java:1031)
at org.testng.remote.AbstractRemoteTestNG.run(AbstractRemoteTestNG.java:115)
at org.testng.remote.RemoteTestNG.initAndRun(RemoteTestNG.java:251)
at org.testng.remote.RemoteTestNG.main(RemoteTestNG.java:77)
Caused by: java.io.FileNotFoundException: C:\Users\Somnath\eclipse-workspace\com.guru99\src\test\resources\ExcelTestData.xls (The system cannot find the path specified)
at java.base/java.io.FileInputStream.open0(Native Method)
at java.base/java.io.FileInputStream.open(FileInputStream.java:216)
at java.base/java.io.FileInputStream.<init>(FileInputStream.java:157)
at utility.UtilityMethods.excelDataProvider(UtilityMethods.java:94)
at java.base/jdk.internal.reflect.NativeMethodAccessorImpl.invoke0(Native Method)
at java.base/jdk.internal.reflect.NativeMethodAccessorImpl.invoke(NativeMethodAccessorImpl.java:77)
at java.base/jdk.internal.reflect.DelegatingMethodAccessorImpl.invoke(DelegatingMethodAccessorImpl.java:43)
at java.base/java.lang.reflect.Method.invoke(Method.java:568)
at org.testng.internal.MethodInvocationHelper.invokeMethod(MethodInvocationHelper.java:133)
at org.testng.internal.MethodInvocationHelper.invokeMethod(MethodInvocationHelper.java:77)
at org.testng.internal.MethodInvocationHelper.invokeMethodNoCheckedException(MethodInvocationHelper.java:46)
... 25 more
]]>
            </full-stacktrace>
          </exception> <!-- java.lang.RuntimeException -->
          <reporter-output>
          </reporter-output>
        </test-method> <!-- login -->
      </class> <!-- com.TestCases.LoginTest -->
    </test> <!-- Test -->
  </suite> <!-- Suite -->
</testng-results>
